#! /usr/bin/vvp
:ivl_version "11.0 (stable)";
:ivl_delay_selection "TYPICAL";
:vpi_time_precision + 0;
:vpi_module "/usr/lib/x86_64-linux-gnu/ivl/system.vpi";
:vpi_module "/usr/lib/x86_64-linux-gnu/ivl/vhdl_sys.vpi";
:vpi_module "/usr/lib/x86_64-linux-gnu/ivl/vhdl_textio.vpi";
:vpi_module "/usr/lib/x86_64-linux-gnu/ivl/v2005_math.vpi";
:vpi_module "/usr/lib/x86_64-linux-gnu/ivl/va_math.vpi";
S_0x561ad05a7e20 .scope module, "multiplexor_7seg" "multiplexor_7seg" 2 1;
 .timescale 0 0;
    .port_info 0 /INPUT 4 "BCD";
    .port_info 1 /OUTPUT 7 "SSeg";
o0x7ff902ce1018 .functor BUFZ 4, C4<zzzz>; HiZ drive
v0x561ad05a97b0_0 .net "BCD", 3 0, o0x7ff902ce1018;  0 drivers
v0x561ad05a9ba0_0 .var "SSeg", 6 0;
E_0x561ad05a83f0 .event edge, v0x561ad05a97b0_0;
    .scope S_0x561ad05a7e20;
T_0 ;
    %wait E_0x561ad05a83f0;
    %load/vec4 v0x561ad05a97b0_0;
    %dup/vec4;
    %pushi/vec4 0, 0, 4;
    %cmp/u;
    %jmp/1 T_0.0, 6;
    %dup/vec4;
    %pushi/vec4 1, 0, 4;
    %cmp/u;
    %jmp/1 T_0.1, 6;
    %dup/vec4;
    %pushi/vec4 2, 0, 4;
    %cmp/u;
    %jmp/1 T_0.2, 6;
    %dup/vec4;
    %pushi/vec4 3, 0, 4;
    %cmp/u;
    %jmp/1 T_0.3, 6;
    %dup/vec4;
    %pushi/vec4 4, 0, 4;
    %cmp/u;
    %jmp/1 T_0.4, 6;
    %dup/vec4;
    %pushi/vec4 5, 0, 4;
    %cmp/u;
    %jmp/1 T_0.5, 6;
    %dup/vec4;
    %pushi/vec4 6, 0, 4;
    %cmp/u;
    %jmp/1 T_0.6, 6;
    %dup/vec4;
    %pushi/vec4 7, 0, 4;
    %cmp/u;
    %jmp/1 T_0.7, 6;
    %dup/vec4;
    %pushi/vec4 8, 0, 4;
    %cmp/u;
    %jmp/1 T_0.8, 6;
    %dup/vec4;
    %pushi/vec4 9, 0, 4;
    %cmp/u;
    %jmp/1 T_0.9, 6;
    %pushi/vec4 127, 0, 7;
    %store/vec4 v0x561ad05a9ba0_0, 0, 7;
    %jmp T_0.11;
T_0.0 ;
    %pushi/vec4 64, 0, 7;
    %store/vec4 v0x561ad05a9ba0_0, 0, 7;
    %jmp T_0.11;
T_0.1 ;
    %pushi/vec4 121, 0, 7;
    %store/vec4 v0x561ad05a9ba0_0, 0, 7;
    %jmp T_0.11;
T_0.2 ;
    %pushi/vec4 36, 0, 7;
    %store/vec4 v0x561ad05a9ba0_0, 0, 7;
    %jmp T_0.11;
T_0.3 ;
    %pushi/vec4 48, 0, 7;
    %store/vec4 v0x561ad05a9ba0_0, 0, 7;
    %jmp T_0.11;
T_0.4 ;
    %pushi/vec4 25, 0, 7;
    %store/vec4 v0x561ad05a9ba0_0, 0, 7;
    %jmp T_0.11;
T_0.5 ;
    %pushi/vec4 18, 0, 7;
    %store/vec4 v0x561ad05a9ba0_0, 0, 7;
    %jmp T_0.11;
T_0.6 ;
    %pushi/vec4 2, 0, 7;
    %store/vec4 v0x561ad05a9ba0_0, 0, 7;
    %jmp T_0.11;
T_0.7 ;
    %pushi/vec4 120, 0, 7;
    %store/vec4 v0x561ad05a9ba0_0, 0, 7;
    %jmp T_0.11;
T_0.8 ;
    %pushi/vec4 0, 0, 7;
    %store/vec4 v0x561ad05a9ba0_0, 0, 7;
    %jmp T_0.11;
T_0.9 ;
    %pushi/vec4 16, 0, 7;
    %store/vec4 v0x561ad05a9ba0_0, 0, 7;
    %jmp T_0.11;
T_0.11 ;
    %pop/vec4 1;
    %jmp T_0;
    .thread T_0, $push;
# The file index is used to find the file name in the following table.
:file_names 3;
    "N/A";
    "<interactive>";
    "BCDtoSSeg.v";
